Using pre-set license
Built from '2020.3/staging' branch; Version is '2020.3.42f1 (7ade1201f527) revision 8052242'; Using compiler version '192528614'; Build Type 'Release'
OS: 'Windows 11  (10.0.22000) 64bit Professional' Language: 'tr' Physical Memory: 16151 MB
BatchMode: 1, IsHumanControllingUs: 0, StartBugReporterOnCrash: 0, Is64bit: 1, IsPro: 0

COMMAND LINE ARGUMENTS:
C:\Program Files\Unity\Hub\Editor\2020.3.42f1\Editor\Unity.exe
-adb2
-batchMode
-noUpm
-name
AssetImportWorker0
-projectPath
C:/Users/canal/OneDrive/Masaüstü/Proje/Bamboozle2
-logFile
Logs/AssetImportWorker0.log
-srvPort
61916
Successfully changed project path to: C:/Users/canal/OneDrive/Masaüstü/Proje/Bamboozle2
C:/Users/canal/OneDrive/Masaüstü/Proje/Bamboozle2
Using Asset Import Pipeline V2.
Refreshing native plugins compatible for Editor in 165.46 ms, found 2 plugins.
Preloading 0 native plugins for Editor in 0.00 ms.
Initialize engine version: 2020.3.42f1 (7ade1201f527)
[Subsystems] Discovering subsystems at path C:/Program Files/Unity/Hub/Editor/2020.3.42f1/Editor/Data/Resources/UnitySubsystems
[Subsystems] Discovering subsystems at path C:/Users/canal/OneDrive/Masaüstü/Proje/Bamboozle2/Assets
GfxDevice: creating device client; threaded=0
Direct3D:
    Version:  Direct3D 11.0 [level 11.1]
    Renderer: NVIDIA GeForce MX230 (ID=0x1d11)
    Vendor:   
    VRAM:     1982 MB
    Driver:   31.0.15.2737
Initialize mono
Mono path[0] = 'C:/Program Files/Unity/Hub/Editor/2020.3.42f1/Editor/Data/Managed'
Mono path[1] = 'C:/Program Files/Unity/Hub/Editor/2020.3.42f1/Editor/Data/MonoBleedingEdge/lib/mono/unityjit'
Mono config path = 'C:/Program Files/Unity/Hub/Editor/2020.3.42f1/Editor/Data/MonoBleedingEdge/etc'
Using monoOptions --debugger-agent=transport=dt_socket,embedding=1,server=y,suspend=n,address=127.0.0.1:56160
Begin MonoManager ReloadAssembly
Registering precompiled unity dll's ...
Register platform support module: C:/Program Files/Unity/Hub/Editor/2020.3.42f1/Editor/Data/PlaybackEngines/WindowsStandaloneSupport/UnityEditor.WindowsStandalone.Extensions.dll
Registered in 0.008632 seconds.
Native extension for WindowsStandalone target not found
Refreshing native plugins compatible for Editor in 32.51 ms, found 2 plugins.
Preloading 0 native plugins for Editor in 0.00 ms.
Mono: successfully reloaded assembly
- Completed reload, in  2.804 seconds
Domain Reload Profiling:
	ReloadAssembly (2804ms)
		BeginReloadAssembly (2267ms)
			ExecutionOrderSort (0ms)
			DisableScriptedObjects (0ms)
			BackupInstance (0ms)
			ReleaseScriptingObjects (0ms)
			CreateAndSetChildDomain (1ms)
		EndReloadAssembly (443ms)
			LoadAssemblies (2266ms)
			RebuildTransferFunctionScriptingTraits (0ms)
			SetupTypeCache (153ms)
			ReleaseScriptCaches (0ms)
			RebuildScriptCaches (28ms)
			SetupLoadedEditorAssemblies (158ms)
				LogAssemblyErrors (0ms)
				InitializePlatformSupportModulesInManaged (5ms)
				SetLoadedEditorAssemblies (0ms)
				RefreshPlugins (33ms)
				BeforeProcessingInitializeOnLoad (13ms)
				ProcessInitializeOnLoadAttributes (80ms)
				ProcessInitializeOnLoadMethodAttributes (27ms)
				AfterProcessingInitializeOnLoad (0ms)
				EditorAssembliesLoaded (0ms)
			ExecutionOrderSort2 (0ms)
			AwakeInstancesAfterBackupRestoration (0ms)
Platform modules already initialized, skipping
Registering precompiled user dll's ...
Registered in 0.005155 seconds.
Begin MonoManager ReloadAssembly
Native extension for WindowsStandalone target not found
Refreshing native plugins compatible for Editor in 0.47 ms, found 2 plugins.
Preloading 0 native plugins for Editor in 0.00 ms.
Mono: successfully reloaded assembly
- Completed reload, in  1.089 seconds
Domain Reload Profiling:
	ReloadAssembly (1090ms)
		BeginReloadAssembly (148ms)
			ExecutionOrderSort (0ms)
			DisableScriptedObjects (5ms)
			BackupInstance (0ms)
			ReleaseScriptingObjects (0ms)
			CreateAndSetChildDomain (19ms)
		EndReloadAssembly (871ms)
			LoadAssemblies (121ms)
			RebuildTransferFunctionScriptingTraits (0ms)
			SetupTypeCache (314ms)
			ReleaseScriptCaches (0ms)
			RebuildScriptCaches (47ms)
			SetupLoadedEditorAssemblies (308ms)
				LogAssemblyErrors (0ms)
				InitializePlatformSupportModulesInManaged (5ms)
				SetLoadedEditorAssemblies (0ms)
				RefreshPlugins (1ms)
				BeforeProcessingInitializeOnLoad (97ms)
				ProcessInitializeOnLoadAttributes (185ms)
				ProcessInitializeOnLoadMethodAttributes (16ms)
				AfterProcessingInitializeOnLoad (4ms)
				EditorAssembliesLoaded (0ms)
			ExecutionOrderSort2 (0ms)
			AwakeInstancesAfterBackupRestoration (2ms)
Platform modules already initialized, skipping
========================================================================
Worker process is ready to serve import requests
Launched and connected shader compiler UnityShaderCompiler.exe after 0.06 seconds
Refreshing native plugins compatible for Editor in 0.55 ms, found 2 plugins.
Preloading 0 native plugins for Editor in 0.00 ms.
Unloading 1608 Unused Serialized files (Serialized files now loaded: 0)
System memory in use before: 72.3 MB.
System memory in use after: 72.3 MB.

Unloading 28 unused Assets to reduce memory usage. Loaded Objects now: 2033.
Total: 2.624400 ms (FindLiveObjects: 0.119600 ms CreateObjectMapping: 0.054400 ms MarkObjects: 2.374000 ms  DeleteObjects: 0.075500 ms)

AssetImportParameters requested are different than current active one (requested -> active):
  custom:framework-win-MediaFoundation: 216162199b28c13a410421893ffa2e32 -> 
  custom:video-decoder-ogg-theora: a1e56fd34408186e4bbccfd4996cb3dc -> 
  custom:container-muxer-webm: aa71ff27fc2769a1b78a27578f13a17b -> 
  custom:container-demuxer-webm: 4f35f7cbe854078d1ac9338744f61a02 -> 
  custom:container-demuxer-ogg: 62fdf1f143b41e24485cea50d1cbac27 -> 
  custom:video-encoder-webm-vp8: eb34c28f22e8b96e1ab97ce403110664 -> 
  custom:video-decoder-webm-vp8: 9c59270c3fd7afecdb556c50c9e8de78 -> 
  custom:audio-decoder-ogg-vorbis: bf7c407c2cedff20999df2af8eb42d56 -> 
  custom:audio-encoder-webm-vorbis: bf7c407c2cedff20999df2af8eb42d56 -> 
========================================================================
Received Import Request.
  path: Assets/Models/Player
  artifactKey: Guid(1090670863be95f49bf453ac79b7ce79) Importer(815301076,1909f56bfc062723c751e8b465ee728b)
Start importing Assets/Models/Player using Guid(1090670863be95f49bf453ac79b7ce79) Importer(815301076,1909f56bfc062723c751e8b465ee728b)  -> (artifact id: 'f9b54c46f9d12a69c134e94e4ae03171') in 0.011037 seconds 
========================================================================
Received Import Request.
  Time since last request: 4.991010 seconds.
  path: Assets/Models/Player/1
  artifactKey: Guid(8c0dd4bfe4018a946a4801d3975565cd) Importer(815301076,1909f56bfc062723c751e8b465ee728b)
Start importing Assets/Models/Player/1 using Guid(8c0dd4bfe4018a946a4801d3975565cd) Importer(815301076,1909f56bfc062723c751e8b465ee728b)  -> (artifact id: '9b132e796131d56c114dbee7a631e780') in 0.009304 seconds 
========================================================================
Received Import Request.
  Time since last request: 5.735885 seconds.
  path: Assets/Models/Player/1/Animation
  artifactKey: Guid(2b6e63b5b9a0a6a4fb899479ae2424d2) Importer(815301076,1909f56bfc062723c751e8b465ee728b)
Start importing Assets/Models/Player/1/Animation using Guid(2b6e63b5b9a0a6a4fb899479ae2424d2) Importer(815301076,1909f56bfc062723c751e8b465ee728b)  -> (artifact id: '847e715b450da2136e17639cb2cd501c') in 0.007465 seconds 
========================================================================
Received Import Request.
  Time since last request: 13.272972 seconds.
  path: Assets/Models/Player/1/Remy (1).fbx
  artifactKey: Guid(e9151f452d41b404ba8e087c6edf2213) Importer(815301076,1909f56bfc062723c751e8b465ee728b)
Start importing Assets/Models/Player/1/Remy (1).fbx using Guid(e9151f452d41b404ba8e087c6edf2213) Importer(815301076,1909f56bfc062723c751e8b465ee728b)  -> (artifact id: 'd77835521b509ac0d6db4aeb2e89b19a') in 1.069388 seconds 
========================================================================
Received Import Request.
  Time since last request: 6.962170 seconds.
  path: Assets/Models/Player/1/Remy (1).fbx
  artifactKey: Guid(e9151f452d41b404ba8e087c6edf2213) Importer(815301076,1909f56bfc062723c751e8b465ee728b)
Start importing Assets/Models/Player/1/Remy (1).fbx using Guid(e9151f452d41b404ba8e087c6edf2213) Importer(815301076,1909f56bfc062723c751e8b465ee728b)  -> (artifact id: 'e76ea365bf9b756b4bb12baa306a1f8c') in 0.093099 seconds 
========================================================================
Received Import Request.
  Time since last request: 10.470001 seconds.
  path: Assets/Models/Player/1/Remy (1).fbx
  artifactKey: Guid(e9151f452d41b404ba8e087c6edf2213) Importer(815301076,1909f56bfc062723c751e8b465ee728b)
Start importing Assets/Models/Player/1/Remy (1).fbx using Guid(e9151f452d41b404ba8e087c6edf2213) Importer(815301076,1909f56bfc062723c751e8b465ee728b)  -> (artifact id: '97288713ea28577aec768b7b4ab0f8e1') in 0.159564 seconds 
========================================================================
Received Import Request.
  Time since last request: 0.000237 seconds.
  path: Assets/Models/Player/1/Remy_Top_Diffuse.png
  artifactKey: Guid(6aaeed48b0c4c2a49914b5e5ea18f1ce) Importer(815301076,1909f56bfc062723c751e8b465ee728b)
Start importing Assets/Models/Player/1/Remy_Top_Diffuse.png using Guid(6aaeed48b0c4c2a49914b5e5ea18f1ce) Importer(815301076,1909f56bfc062723c751e8b465ee728b)  -> (artifact id: '87ffdebb8b4db02a7b5ddd818d18623c') in 0.099276 seconds 
========================================================================
Received Import Request.
  Time since last request: 0.000223 seconds.
  path: Assets/Models/Player/1/Remy_Bottom_Normal.png
  artifactKey: Guid(324a61aa12b114044868a4e0e1890286) Importer(815301076,1909f56bfc062723c751e8b465ee728b)
Start importing Assets/Models/Player/1/Remy_Bottom_Normal.png using Guid(324a61aa12b114044868a4e0e1890286) Importer(815301076,1909f56bfc062723c751e8b465ee728b)  -> (artifact id: '31531383e1d262f5f14fa567cb9662f7') in 0.018184 seconds 
========================================================================
Received Import Request.
  Time since last request: 0.000254 seconds.
  path: Assets/Models/Player/1/Remy_Hair_Opacity.png
  artifactKey: Guid(cff69ca40fa4cf34c9d076dc47d8f615) Importer(815301076,1909f56bfc062723c751e8b465ee728b)
Start importing Assets/Models/Player/1/Remy_Hair_Opacity.png using Guid(cff69ca40fa4cf34c9d076dc47d8f615) Importer(815301076,1909f56bfc062723c751e8b465ee728b)  -> (artifact id: '20c2a6ef4cd39665959bf10d3458c8ae') in 0.018140 seconds 
========================================================================
Received Import Request.
  Time since last request: 0.000286 seconds.
  path: Assets/Models/Player/1/Remy_Shoes_Gloss.png
  artifactKey: Guid(b0f5c94d41b7e3f4490cd64f3236d73d) Importer(815301076,1909f56bfc062723c751e8b465ee728b)
Start importing Assets/Models/Player/1/Remy_Shoes_Gloss.png using Guid(b0f5c94d41b7e3f4490cd64f3236d73d) Importer(815301076,1909f56bfc062723c751e8b465ee728b)  -> (artifact id: '2801119aafcd09f522f93d096650802c') in 0.016548 seconds 
========================================================================
Received Import Request.
  Time since last request: 0.000252 seconds.
  path: Assets/Models/Player/1/Remy_Top_Normal.png
  artifactKey: Guid(d10eefc63f3e1a547bb21ef742c2fff3) Importer(815301076,1909f56bfc062723c751e8b465ee728b)
Start importing Assets/Models/Player/1/Remy_Top_Normal.png using Guid(d10eefc63f3e1a547bb21ef742c2fff3) Importer(815301076,1909f56bfc062723c751e8b465ee728b)  -> (artifact id: '10e2637f0e07810e5b97689de0a3c91d') in 0.018782 seconds 
========================================================================
Received Import Request.
  Time since last request: 0.000280 seconds.
  path: Assets/Models/Player/1/Remy_Body_Normal.png
  artifactKey: Guid(0bb4657d0f14e324691b7cf0a16e2e06) Importer(815301076,1909f56bfc062723c751e8b465ee728b)
Start importing Assets/Models/Player/1/Remy_Body_Normal.png using Guid(0bb4657d0f14e324691b7cf0a16e2e06) Importer(815301076,1909f56bfc062723c751e8b465ee728b)  -> (artifact id: '9825ce4dd0823e818d1dbe7c24b87872') in 0.022678 seconds 
========================================================================
Received Import Request.
  Time since last request: 0.000342 seconds.
  path: Assets/Models/Player/1/Remy_Bottom_Gloss.png
  artifactKey: Guid(3c8a0d14259dde74c8a8397fbf2b360a) Importer(815301076,1909f56bfc062723c751e8b465ee728b)
Start importing Assets/Models/Player/1/Remy_Bottom_Gloss.png using Guid(3c8a0d14259dde74c8a8397fbf2b360a) Importer(815301076,1909f56bfc062723c751e8b465ee728b)  -> (artifact id: '5d9330fc2ff3809475bb99420c46c21d') in 0.017689 seconds 
========================================================================
Received Import Request.
  Time since last request: 0.000354 seconds.
  path: Assets/Models/Player/1/Remy_Top_Specular.png
  artifactKey: Guid(826be11eb04632d4db7c65eb34ebf58a) Importer(815301076,1909f56bfc062723c751e8b465ee728b)
Start importing Assets/Models/Player/1/Remy_Top_Specular.png using Guid(826be11eb04632d4db7c65eb34ebf58a) Importer(815301076,1909f56bfc062723c751e8b465ee728b)  -> (artifact id: '2aa01c22a3e194101dc542f7d04018a9') in 0.016598 seconds 
========================================================================
Received Import Request.
  Time since last request: 0.000537 seconds.
  path: Assets/Models/Player/1/Remy_Body_Opacity.png
  artifactKey: Guid(1d7aeb6cae7f00c4990a76185dc7b6db) Importer(815301076,1909f56bfc062723c751e8b465ee728b)
Start importing Assets/Models/Player/1/Remy_Body_Opacity.png using Guid(1d7aeb6cae7f00c4990a76185dc7b6db) Importer(815301076,1909f56bfc062723c751e8b465ee728b)  -> (artifact id: 'c226d470910b017ca28a4a0039280b4d') in 0.019164 seconds 
========================================================================
Received Import Request.
  Time since last request: 0.000425 seconds.
  path: Assets/Models/Player/1/Remy_Hair_Normal.png
  artifactKey: Guid(48365adc1eba8a8429c01154d8af8ca3) Importer(815301076,1909f56bfc062723c751e8b465ee728b)
Start importing Assets/Models/Player/1/Remy_Hair_Normal.png using Guid(48365adc1eba8a8429c01154d8af8ca3) Importer(815301076,1909f56bfc062723c751e8b465ee728b)  -> (artifact id: '547f407743f25d0d475cd2a754b601e3') in 0.015279 seconds 
========================================================================
Received Import Request.
  Time since last request: 0.000312 seconds.
  path: Assets/Models/Player/1/Remy_Hair_Diffuse.png
  artifactKey: Guid(664d47d8078aea44fb3defbfcbaed781) Importer(815301076,1909f56bfc062723c751e8b465ee728b)
Start importing Assets/Models/Player/1/Remy_Hair_Diffuse.png using Guid(664d47d8078aea44fb3defbfcbaed781) Importer(815301076,1909f56bfc062723c751e8b465ee728b)  -> (artifact id: '0179371a293ee109f3e8f684dbcd484c') in 0.017261 seconds 
========================================================================
Received Import Request.
  Time since last request: 0.000311 seconds.
  path: Assets/Models/Player/1/Remy_Body_Diffuse.png
  artifactKey: Guid(ad79395f8e628594aa01e74b1c85a1f6) Importer(815301076,1909f56bfc062723c751e8b465ee728b)
Start importing Assets/Models/Player/1/Remy_Body_Diffuse.png using Guid(ad79395f8e628594aa01e74b1c85a1f6) Importer(815301076,1909f56bfc062723c751e8b465ee728b)  -> (artifact id: 'ccf89a327ee713c5d517f75b44d6c3ce') in 0.018749 seconds 
========================================================================
Received Import Request.
  Time since last request: 0.000270 seconds.
  path: Assets/Models/Player/1/Remy_Body_Specular.png
  artifactKey: Guid(9373a45b07f4c754ea63967b415adc41) Importer(815301076,1909f56bfc062723c751e8b465ee728b)
Start importing Assets/Models/Player/1/Remy_Body_Specular.png using Guid(9373a45b07f4c754ea63967b415adc41) Importer(815301076,1909f56bfc062723c751e8b465ee728b)  -> (artifact id: '7b5a3a797b01462b88fa7f51a88f00e6') in 0.019072 seconds 
========================================================================
Received Import Request.
  Time since last request: 0.000321 seconds.
  path: Assets/Models/Player/1/Remy_Body_Gloss.png
  artifactKey: Guid(ab821a74ceb508c498c2a9a77a33ea4a) Importer(815301076,1909f56bfc062723c751e8b465ee728b)
Start importing Assets/Models/Player/1/Remy_Body_Gloss.png using Guid(ab821a74ceb508c498c2a9a77a33ea4a) Importer(815301076,1909f56bfc062723c751e8b465ee728b)  -> (artifact id: '5e261af81be0d2187e612f99bdc44846') in 0.022734 seconds 
========================================================================
Received Import Request.
  Time since last request: 0.000285 seconds.
  path: Assets/Models/Player/1/Remy_Bottom_Diffuse.png
  artifactKey: Guid(6b5652dec2714e648bf36df4f35ec3d0) Importer(815301076,1909f56bfc062723c751e8b465ee728b)
Start importing Assets/Models/Player/1/Remy_Bottom_Diffuse.png using Guid(6b5652dec2714e648bf36df4f35ec3d0) Importer(815301076,1909f56bfc062723c751e8b465ee728b)  -> (artifact id: '639314e5b3ed69a87ae246efd5ed14d4') in 0.019400 seconds 
========================================================================
Received Import Request.
  Time since last request: 0.000305 seconds.
  path: Assets/Models/Player/1/Remy_Shoes_Normal.png
  artifactKey: Guid(a48b40ba309fd454cbb0d03d42653fd4) Importer(815301076,1909f56bfc062723c751e8b465ee728b)
Start importing Assets/Models/Player/1/Remy_Shoes_Normal.png using Guid(a48b40ba309fd454cbb0d03d42653fd4) Importer(815301076,1909f56bfc062723c751e8b465ee728b)  -> (artifact id: '31ce00980332ea7cfef9c47304a1ef69') in 0.018025 seconds 
========================================================================
Received Import Request.
  Time since last request: 0.000261 seconds.
  path: Assets/Models/Player/1/Remy_Hair_Gloss.png
  artifactKey: Guid(5905aa8a883154b45bdda0574b613577) Importer(815301076,1909f56bfc062723c751e8b465ee728b)
Start importing Assets/Models/Player/1/Remy_Hair_Gloss.png using Guid(5905aa8a883154b45bdda0574b613577) Importer(815301076,1909f56bfc062723c751e8b465ee728b)  -> (artifact id: '92a0f73cd8f7e3c201fc092a880b2513') in 0.016501 seconds 
========================================================================
Received Import Request.
  Time since last request: 0.000249 seconds.
  path: Assets/Models/Player/1/Remy_Shoes_Specular.png
  artifactKey: Guid(774786609bb1d04438172c037766fa95) Importer(815301076,1909f56bfc062723c751e8b465ee728b)
Start importing Assets/Models/Player/1/Remy_Shoes_Specular.png using Guid(774786609bb1d04438172c037766fa95) Importer(815301076,1909f56bfc062723c751e8b465ee728b)  -> (artifact id: '6e9bce29bba095d36d5607dc39adb8ce') in 0.015884 seconds 
========================================================================
Received Import Request.
  Time since last request: 0.000256 seconds.
  path: Assets/Models/Player/1/Remy_Shoes_Diffuse.png
  artifactKey: Guid(b873d0095f878ed4699e6f30dcac66c7) Importer(815301076,1909f56bfc062723c751e8b465ee728b)
Start importing Assets/Models/Player/1/Remy_Shoes_Diffuse.png using Guid(b873d0095f878ed4699e6f30dcac66c7) Importer(815301076,1909f56bfc062723c751e8b465ee728b)  -> (artifact id: '70b83345d2951fe0c69793086d3cbc6a') in 0.015869 seconds 
========================================================================
Received Import Request.
  Time since last request: 0.000330 seconds.
  path: Assets/Models/Player/1/Remy_Top_Gloss.png
  artifactKey: Guid(688a125ebfd447b428657c44f50312e8) Importer(815301076,1909f56bfc062723c751e8b465ee728b)
Start importing Assets/Models/Player/1/Remy_Top_Gloss.png using Guid(688a125ebfd447b428657c44f50312e8) Importer(815301076,1909f56bfc062723c751e8b465ee728b)  -> (artifact id: '6e85c6f0f517c794af3664338d4db149') in 0.015637 seconds 
========================================================================
Received Import Request.
  Time since last request: 0.000523 seconds.
  path: Assets/Models/Player/1/Remy_Hair_Specular.png
  artifactKey: Guid(d3f0255f6a9b526478dee57303466c80) Importer(815301076,1909f56bfc062723c751e8b465ee728b)
Start importing Assets/Models/Player/1/Remy_Hair_Specular.png using Guid(d3f0255f6a9b526478dee57303466c80) Importer(815301076,1909f56bfc062723c751e8b465ee728b)  -> (artifact id: '14a1c693dfb7413094757f0173e696f8') in 0.016296 seconds 
========================================================================
Received Import Request.
  Time since last request: 0.000302 seconds.
  path: Assets/Models/Player/1/Remy_Bottom_Specular.png
  artifactKey: Guid(19c704c8bd47e144c8b0d4563ba71ad5) Importer(815301076,1909f56bfc062723c751e8b465ee728b)
Start importing Assets/Models/Player/1/Remy_Bottom_Specular.png using Guid(19c704c8bd47e144c8b0d4563ba71ad5) Importer(815301076,1909f56bfc062723c751e8b465ee728b)  -> (artifact id: '3b094e0971b87d67cf9d43ae63f62bc7') in 0.015584 seconds 
========================================================================
Received Import Request.
  Time since last request: 1.305261 seconds.
  path: Assets/Models/Player/1/Remy (1).fbx
  artifactKey: Guid(e9151f452d41b404ba8e087c6edf2213) Importer(815301076,1909f56bfc062723c751e8b465ee728b)
Start importing Assets/Models/Player/1/Remy (1).fbx using Guid(e9151f452d41b404ba8e087c6edf2213) Importer(815301076,1909f56bfc062723c751e8b465ee728b)  -> (artifact id: '5b4aba49b98d11d631541535d652169f') in 0.111829 seconds 
========================================================================
Received Import Request.
  Time since last request: 0.000238 seconds.
  path: Assets/Models/Player/1/Remy_Bottom_Normal.png
  artifactKey: Guid(324a61aa12b114044868a4e0e1890286) Importer(815301076,1909f56bfc062723c751e8b465ee728b)
Start importing Assets/Models/Player/1/Remy_Bottom_Normal.png using Guid(324a61aa12b114044868a4e0e1890286) Importer(815301076,1909f56bfc062723c751e8b465ee728b)  -> (artifact id: 'e8ba99e5991476a3297cf4d9974a94a5') in 0.038865 seconds 
========================================================================
Received Import Request.
  Time since last request: 0.000211 seconds.
  path: Assets/Models/Player/1/Remy_Body_Normal.png
  artifactKey: Guid(0bb4657d0f14e324691b7cf0a16e2e06) Importer(815301076,1909f56bfc062723c751e8b465ee728b)
Start importing Assets/Models/Player/1/Remy_Body_Normal.png using Guid(0bb4657d0f14e324691b7cf0a16e2e06) Importer(815301076,1909f56bfc062723c751e8b465ee728b)  -> (artifact id: '1d00101005965ea23736d6e33587b019') in 0.022305 seconds 
========================================================================
Received Import Request.
  Time since last request: 0.000331 seconds.
  path: Assets/Models/Player/1/Remy_Hair_Normal.png
  artifactKey: Guid(48365adc1eba8a8429c01154d8af8ca3) Importer(815301076,1909f56bfc062723c751e8b465ee728b)
Start importing Assets/Models/Player/1/Remy_Hair_Normal.png using Guid(48365adc1eba8a8429c01154d8af8ca3) Importer(815301076,1909f56bfc062723c751e8b465ee728b)  -> (artifact id: '3d339d71efcd6e695d109e9bd1943cb7') in 0.014394 seconds 
========================================================================
Received Import Request.
  Time since last request: 0.000276 seconds.
  path: Assets/Models/Player/1/Remy_Shoes_Normal.png
  artifactKey: Guid(a48b40ba309fd454cbb0d03d42653fd4) Importer(815301076,1909f56bfc062723c751e8b465ee728b)
Start importing Assets/Models/Player/1/Remy_Shoes_Normal.png using Guid(a48b40ba309fd454cbb0d03d42653fd4) Importer(815301076,1909f56bfc062723c751e8b465ee728b)  -> (artifact id: '697b8da370461ce58855d07bb7f8b81e') in 0.018510 seconds 
========================================================================
Received Import Request.
  Time since last request: 0.000327 seconds.
  path: Assets/Models/Player/1/Remy_Top_Normal.png
  artifactKey: Guid(d10eefc63f3e1a547bb21ef742c2fff3) Importer(815301076,1909f56bfc062723c751e8b465ee728b)
Start importing Assets/Models/Player/1/Remy_Top_Normal.png using Guid(d10eefc63f3e1a547bb21ef742c2fff3) Importer(815301076,1909f56bfc062723c751e8b465ee728b)  -> (artifact id: '9ee3bde7eff68e8a5e8fa62f43bb2a9e') in 0.018220 seconds 
========================================================================
Received Import Request.
  Time since last request: 2.660599 seconds.
  path: Assets/Models/Player/1/Remy (1).fbx
  artifactKey: Guid(e9151f452d41b404ba8e087c6edf2213) Importer(815301076,1909f56bfc062723c751e8b465ee728b)
Start importing Assets/Models/Player/1/Remy (1).fbx using Guid(e9151f452d41b404ba8e087c6edf2213) Importer(815301076,1909f56bfc062723c751e8b465ee728b)  -> (artifact id: 'd155c1d934d3378687ca8b856cb102bf') in 0.096280 seconds 
========================================================================
Received Import Request.
  Time since last request: 0.000224 seconds.
  path: Assets/Models/Player/1/Bodymat.mat
  artifactKey: Guid(337eb1ffa852ebc42a76681383a0f71d) Importer(815301076,1909f56bfc062723c751e8b465ee728b)
Start importing Assets/Models/Player/1/Bodymat.mat using Guid(337eb1ffa852ebc42a76681383a0f71d) Importer(815301076,1909f56bfc062723c751e8b465ee728b)  -> (artifact id: '1e03fbdbdaa08a6ab289d3f78b493d1d') in 0.026516 seconds 
========================================================================
Received Import Request.
  Time since last request: 0.000292 seconds.
  path: Assets/Models/Player/1/Topmat.mat
  artifactKey: Guid(81068aa3c8f074e468500bda7835f86b) Importer(815301076,1909f56bfc062723c751e8b465ee728b)
Start importing Assets/Models/Player/1/Topmat.mat using Guid(81068aa3c8f074e468500bda7835f86b) Importer(815301076,1909f56bfc062723c751e8b465ee728b)  -> (artifact id: '2e2fc558381ff3e8a1d8337346267b07') in 0.020415 seconds 
========================================================================
Received Import Request.
  Time since last request: 0.000280 seconds.
  path: Assets/Models/Player/1/Bottommat.mat
  artifactKey: Guid(25c763989f1dda043bb39cc18868fce7) Importer(815301076,1909f56bfc062723c751e8b465ee728b)
Start importing Assets/Models/Player/1/Bottommat.mat using Guid(25c763989f1dda043bb39cc18868fce7) Importer(815301076,1909f56bfc062723c751e8b465ee728b)  -> (artifact id: 'b4f7c45c3ec1c944099935a9359cbbdd') in 0.018479 seconds 
========================================================================
Received Import Request.
  Time since last request: 0.000566 seconds.
  path: Assets/Models/Player/1/Hairmat.mat
  artifactKey: Guid(b2b7d283c49c18e4c9a061aa61c94582) Importer(815301076,1909f56bfc062723c751e8b465ee728b)
Start importing Assets/Models/Player/1/Hairmat.mat using Guid(b2b7d283c49c18e4c9a061aa61c94582) Importer(815301076,1909f56bfc062723c751e8b465ee728b)  -> (artifact id: 'd48bb5e4f8b5cc7d0be9716cd45071bf') in 0.017804 seconds 
========================================================================
Received Import Request.
  Time since last request: 0.000256 seconds.
  path: Assets/Models/Player/1/Eyelashmat.mat
  artifactKey: Guid(f0a1aae36d1fbe74fa976ab2d2bd1b83) Importer(815301076,1909f56bfc062723c751e8b465ee728b)
Start importing Assets/Models/Player/1/Eyelashmat.mat using Guid(f0a1aae36d1fbe74fa976ab2d2bd1b83) Importer(815301076,1909f56bfc062723c751e8b465ee728b)  -> (artifact id: '9130a0f9a9bb27cd599db98857c79a57') in 0.022176 seconds 
========================================================================
Received Import Request.
  Time since last request: 0.000275 seconds.
  path: Assets/Models/Player/1/Shoesmat.mat
  artifactKey: Guid(b2bf0956290f99d4095a446f3e92d677) Importer(815301076,1909f56bfc062723c751e8b465ee728b)
Start importing Assets/Models/Player/1/Shoesmat.mat using Guid(b2bf0956290f99d4095a446f3e92d677) Importer(815301076,1909f56bfc062723c751e8b465ee728b)  -> (artifact id: 'f80474a1f9f2d8af479461b19922a7fc') in 0.020841 seconds 
========================================================================
Received Import Request.
  Time since last request: 36.785688 seconds.
  path: Assets/Models/Player/1/PlayerOne.controller
  artifactKey: Guid(36259f17fd24f3b4f9c0e0fbeb1164cb) Importer(815301076,1909f56bfc062723c751e8b465ee728b)
Start importing Assets/Models/Player/1/PlayerOne.controller using Guid(36259f17fd24f3b4f9c0e0fbeb1164cb) Importer(815301076,1909f56bfc062723c751e8b465ee728b)  -> (artifact id: '611eb6b1dec3a07b4f1e4953b82cbcf9') in 0.011452 seconds 
========================================================================
Received Import Request.
  Time since last request: 11.633815 seconds.
  path: Assets/Models/Player/1/Animation/Remy@Fast Run (1).fbx
  artifactKey: Guid(ce9f197feccff7143bd8d33aa4d869e8) Importer(815301076,1909f56bfc062723c751e8b465ee728b)
Start importing Assets/Models/Player/1/Animation/Remy@Fast Run (1).fbx using Guid(ce9f197feccff7143bd8d33aa4d869e8) Importer(815301076,1909f56bfc062723c751e8b465ee728b)  -> (artifact id: '6662a0d2c6666df783668536c858e10d') in 0.012318 seconds 
========================================================================
Received Import Request.
  Time since last request: 9.042247 seconds.
  path: Assets/Models/Player/1/Animation/Remy@Fast Run (1).fbx
  artifactKey: Guid(ce9f197feccff7143bd8d33aa4d869e8) Importer(815301076,1909f56bfc062723c751e8b465ee728b)
Start importing Assets/Models/Player/1/Animation/Remy@Fast Run (1).fbx using Guid(ce9f197feccff7143bd8d33aa4d869e8) Importer(815301076,1909f56bfc062723c751e8b465ee728b)  -> (artifact id: 'e573a169ab5334aee24d62aeb639fec7') in 0.005620 seconds 
========================================================================
Received Import Request.
  Time since last request: 5.062961 seconds.
  path: Assets/Models/Player/1/Animation/Remy@Fast Run (1).fbx
  artifactKey: Guid(ce9f197feccff7143bd8d33aa4d869e8) Importer(815301076,1909f56bfc062723c751e8b465ee728b)
Start importing Assets/Models/Player/1/Animation/Remy@Fast Run (1).fbx using Guid(ce9f197feccff7143bd8d33aa4d869e8) Importer(815301076,1909f56bfc062723c751e8b465ee728b)  -> (artifact id: 'dfd99f20413258ea8d7b8c34e7297a34') in 0.007633 seconds 
========================================================================
Received Prepare
Registering precompiled user dll's ...
Registered in 0.003229 seconds.
Begin MonoManager ReloadAssembly
Native extension for WindowsStandalone target not found
Refreshing native plugins compatible for Editor in 0.44 ms, found 2 plugins.
Preloading 0 native plugins for Editor in 0.00 ms.
Mono: successfully reloaded assembly
- Completed reload, in  1.035 seconds
Domain Reload Profiling:
	ReloadAssembly (1035ms)
		BeginReloadAssembly (113ms)
			ExecutionOrderSort (0ms)
			DisableScriptedObjects (4ms)
			BackupInstance (0ms)
			ReleaseScriptingObjects (0ms)
			CreateAndSetChildDomain (33ms)
		EndReloadAssembly (860ms)
			LoadAssemblies (92ms)
			RebuildTransferFunctionScriptingTraits (0ms)
			SetupTypeCache (301ms)
			ReleaseScriptCaches (1ms)
			RebuildScriptCaches (42ms)
			SetupLoadedEditorAssemblies (334ms)
				LogAssemblyErrors (0ms)
				InitializePlatformSupportModulesInManaged (6ms)
				SetLoadedEditorAssemblies (1ms)
				RefreshPlugins (1ms)
				BeforeProcessingInitializeOnLoad (87ms)
				ProcessInitializeOnLoadAttributes (218ms)
				ProcessInitializeOnLoadMethodAttributes (17ms)
				AfterProcessingInitializeOnLoad (5ms)
				EditorAssembliesLoaded (0ms)
			ExecutionOrderSort2 (0ms)
			AwakeInstancesAfterBackupRestoration (2ms)
Platform modules already initialized, skipping
Refreshing native plugins compatible for Editor in 0.53 ms, found 2 plugins.
Preloading 0 native plugins for Editor in 0.00 ms.
Unloading 1602 Unused Serialized files (Serialized files now loaded: 0)
System memory in use before: 89.2 MB.
System memory in use after: 89.3 MB.

Unloading 23 unused Assets to reduce memory usage. Loaded Objects now: 2085.
Total: 2.697200 ms (FindLiveObjects: 0.121100 ms CreateObjectMapping: 0.051000 ms MarkObjects: 2.498800 ms  DeleteObjects: 0.025300 ms)

AssetImportParameters requested are different than current active one (requested -> active):
  custom:framework-win-MediaFoundation: 216162199b28c13a410421893ffa2e32 -> 
  custom:video-decoder-ogg-theora: a1e56fd34408186e4bbccfd4996cb3dc -> 
  custom:container-muxer-webm: aa71ff27fc2769a1b78a27578f13a17b -> 
  custom:container-demuxer-webm: 4f35f7cbe854078d1ac9338744f61a02 -> 
  custom:container-demuxer-ogg: 62fdf1f143b41e24485cea50d1cbac27 -> 
  custom:video-encoder-webm-vp8: eb34c28f22e8b96e1ab97ce403110664 -> 
  custom:video-decoder-webm-vp8: 9c59270c3fd7afecdb556c50c9e8de78 -> 
  custom:audio-decoder-ogg-vorbis: bf7c407c2cedff20999df2af8eb42d56 -> 
  custom:audio-encoder-webm-vorbis: bf7c407c2cedff20999df2af8eb42d56 -> 
========================================================================
Received Prepare
Registering precompiled user dll's ...
Registered in 0.002227 seconds.
Begin MonoManager ReloadAssembly
Native extension for WindowsStandalone target not found
Refreshing native plugins compatible for Editor in 0.78 ms, found 2 plugins.
Preloading 0 native plugins for Editor in 0.00 ms.
Mono: successfully reloaded assembly
- Completed reload, in  1.521 seconds
Domain Reload Profiling:
	ReloadAssembly (1522ms)
		BeginReloadAssembly (164ms)
			ExecutionOrderSort (0ms)
			DisableScriptedObjects (5ms)
			BackupInstance (0ms)
			ReleaseScriptingObjects (0ms)
			CreateAndSetChildDomain (38ms)
		EndReloadAssembly (1251ms)
			LoadAssemblies (173ms)
			RebuildTransferFunctionScriptingTraits (0ms)
			SetupTypeCache (467ms)
			ReleaseScriptCaches (1ms)
			RebuildScriptCaches (67ms)
			SetupLoadedEditorAssemblies (426ms)
				LogAssemblyErrors (0ms)
				InitializePlatformSupportModulesInManaged (8ms)
				SetLoadedEditorAssemblies (1ms)
				RefreshPlugins (1ms)
				BeforeProcessingInitializeOnLoad (140ms)
				ProcessInitializeOnLoadAttributes (247ms)
				ProcessInitializeOnLoadMethodAttributes (23ms)
				AfterProcessingInitializeOnLoad (5ms)
				EditorAssembliesLoaded (0ms)
			ExecutionOrderSort2 (0ms)
			AwakeInstancesAfterBackupRestoration (3ms)
Platform modules already initialized, skipping
Refreshing native plugins compatible for Editor in 0.47 ms, found 2 plugins.
Preloading 0 native plugins for Editor in 0.00 ms.
Unloading 1602 Unused Serialized files (Serialized files now loaded: 0)
System memory in use before: 89.2 MB.
System memory in use after: 89.3 MB.

Unloading 23 unused Assets to reduce memory usage. Loaded Objects now: 2088.
Total: 2.655200 ms (FindLiveObjects: 0.124600 ms CreateObjectMapping: 0.057300 ms MarkObjects: 2.442400 ms  DeleteObjects: 0.029800 ms)

AssetImportParameters requested are different than current active one (requested -> active):
  custom:framework-win-MediaFoundation: 216162199b28c13a410421893ffa2e32 -> 
  custom:video-decoder-ogg-theora: a1e56fd34408186e4bbccfd4996cb3dc -> 
  custom:container-muxer-webm: aa71ff27fc2769a1b78a27578f13a17b -> 
  custom:container-demuxer-webm: 4f35f7cbe854078d1ac9338744f61a02 -> 
  custom:container-demuxer-ogg: 62fdf1f143b41e24485cea50d1cbac27 -> 
  custom:video-encoder-webm-vp8: eb34c28f22e8b96e1ab97ce403110664 -> 
  custom:video-decoder-webm-vp8: 9c59270c3fd7afecdb556c50c9e8de78 -> 
  custom:audio-decoder-ogg-vorbis: bf7c407c2cedff20999df2af8eb42d56 -> 
  custom:audio-encoder-webm-vorbis: bf7c407c2cedff20999df2af8eb42d56 -> 
========================================================================
Received Import Request.
  Time since last request: 192.727582 seconds.
  path: Assets/Models/Player/1/Animation/Remy@Fast Run (1).fbx
  artifactKey: Guid(ce9f197feccff7143bd8d33aa4d869e8) Importer(815301076,1909f56bfc062723c751e8b465ee728b)
Start importing Assets/Models/Player/1/Animation/Remy@Fast Run (1).fbx using Guid(ce9f197feccff7143bd8d33aa4d869e8) Importer(815301076,1909f56bfc062723c751e8b465ee728b)  -> (artifact id: '7997ee51db3b08950745645f8c70109f') in 0.032473 seconds 
========================================================================
Received Import Request.
  Time since last request: 22.994308 seconds.
  path: Assets
  artifactKey: Guid(00000000000000001000000000000000) Importer(815301076,1909f56bfc062723c751e8b465ee728b)
Start importing Assets using Guid(00000000000000001000000000000000) Importer(815301076,1909f56bfc062723c751e8b465ee728b)  -> (artifact id: '42d402b061de3733987d63b9cc3b64de') in 0.009215 seconds 
========================================================================
Received Prepare
Registering precompiled user dll's ...
Registered in 0.001940 seconds.
Begin MonoManager ReloadAssembly
Native extension for WindowsStandalone target not found
Refreshing native plugins compatible for Editor in 0.48 ms, found 2 plugins.
Preloading 0 native plugins for Editor in 0.00 ms.
Mono: successfully reloaded assembly
- Completed reload, in  0.923 seconds
Domain Reload Profiling:
	ReloadAssembly (924ms)
		BeginReloadAssembly (100ms)
			ExecutionOrderSort (0ms)
			DisableScriptedObjects (5ms)
			BackupInstance (0ms)
			ReleaseScriptingObjects (0ms)
			CreateAndSetChildDomain (29ms)
		EndReloadAssembly (763ms)
			LoadAssemblies (82ms)
			RebuildTransferFunctionScriptingTraits (0ms)
			SetupTypeCache (254ms)
			ReleaseScriptCaches (1ms)
			RebuildScriptCaches (39ms)
			SetupLoadedEditorAssemblies (303ms)
				LogAssemblyErrors (0ms)
				InitializePlatformSupportModulesInManaged (5ms)
				SetLoadedEditorAssemblies (1ms)
				RefreshPlugins (1ms)
				BeforeProcessingInitializeOnLoad (88ms)
				ProcessInitializeOnLoadAttributes (185ms)
				ProcessInitializeOnLoadMethodAttributes (19ms)
				AfterProcessingInitializeOnLoad (4ms)
				EditorAssembliesLoaded (0ms)
			ExecutionOrderSort2 (0ms)
			AwakeInstancesAfterBackupRestoration (2ms)
Platform modules already initialized, skipping
Refreshing native plugins compatible for Editor in 0.44 ms, found 2 plugins.
Preloading 0 native plugins for Editor in 0.00 ms.
Unloading 1602 Unused Serialized files (Serialized files now loaded: 0)
System memory in use before: 89.2 MB.
System memory in use after: 89.3 MB.

Unloading 23 unused Assets to reduce memory usage. Loaded Objects now: 2091.
Total: 2.248000 ms (FindLiveObjects: 0.101100 ms CreateObjectMapping: 0.043600 ms MarkObjects: 2.074800 ms  DeleteObjects: 0.027600 ms)

AssetImportParameters requested are different than current active one (requested -> active):
  custom:framework-win-MediaFoundation: 216162199b28c13a410421893ffa2e32 -> 
  custom:video-decoder-ogg-theora: a1e56fd34408186e4bbccfd4996cb3dc -> 
  custom:container-muxer-webm: aa71ff27fc2769a1b78a27578f13a17b -> 
  custom:container-demuxer-webm: 4f35f7cbe854078d1ac9338744f61a02 -> 
  custom:container-demuxer-ogg: 62fdf1f143b41e24485cea50d1cbac27 -> 
  custom:video-encoder-webm-vp8: eb34c28f22e8b96e1ab97ce403110664 -> 
  custom:video-decoder-webm-vp8: 9c59270c3fd7afecdb556c50c9e8de78 -> 
  custom:audio-decoder-ogg-vorbis: bf7c407c2cedff20999df2af8eb42d56 -> 
  custom:audio-encoder-webm-vorbis: bf7c407c2cedff20999df2af8eb42d56 -> 
========================================================================
Received Import Request.
  Time since last request: 6.958223 seconds.
  path: Assets/Prefabs
  artifactKey: Guid(f1130056f57a12743b3bbe357a58f4cc) Importer(815301076,1909f56bfc062723c751e8b465ee728b)
Start importing Assets/Prefabs using Guid(f1130056f57a12743b3bbe357a58f4cc) Importer(815301076,1909f56bfc062723c751e8b465ee728b)  -> (artifact id: '284c9e518c90f43a931f53def2d5bd9b') in 0.009146 seconds 
========================================================================
Received Import Request.
  Time since last request: 3.862305 seconds.
  path: Assets/Prefabs/Player
  artifactKey: Guid(5f14b1608096cc44a8730190bfb21226) Importer(815301076,1909f56bfc062723c751e8b465ee728b)
Start importing Assets/Prefabs/Player using Guid(5f14b1608096cc44a8730190bfb21226) Importer(815301076,1909f56bfc062723c751e8b465ee728b)  -> (artifact id: 'bed7917ab99887da9725f889abde2f24') in 0.002475 seconds 
========================================================================
Received Import Request.
  Time since last request: 14.688539 seconds.
  path: Assets/Prefabs/Player/1.prefab
  artifactKey: Guid(fcd09fe93757f8044ac03e1873009a2f) Importer(815301076,1909f56bfc062723c751e8b465ee728b)
Start importing Assets/Prefabs/Player/1.prefab using Guid(fcd09fe93757f8044ac03e1873009a2f) Importer(815301076,1909f56bfc062723c751e8b465ee728b)  -> (artifact id: '8a6a91e2c6d9213e21a67f9990d5168a') in 0.110652 seconds 
========================================================================
Received Import Request.
  Time since last request: 69.837297 seconds.
  path: Assets/Textures
  artifactKey: Guid(0ce66e84525ec3e458e76ef077c0a441) Importer(815301076,1909f56bfc062723c751e8b465ee728b)
Start importing Assets/Textures using Guid(0ce66e84525ec3e458e76ef077c0a441) Importer(815301076,1909f56bfc062723c751e8b465ee728b)  -> (artifact id: '041a53392ce4bbac0ad87716b79e0e69') in 0.005821 seconds 
========================================================================
Received Import Request.
  Time since last request: 30.459043 seconds.
  path: Assets/Textures/japanese_stone_wall_disp_4k.png
  artifactKey: Guid(d25564264059b9043a03fd88e873f5e1) Importer(815301076,1909f56bfc062723c751e8b465ee728b)
Start importing Assets/Textures/japanese_stone_wall_disp_4k.png using Guid(d25564264059b9043a03fd88e873f5e1) Importer(815301076,1909f56bfc062723c751e8b465ee728b)  -> (artifact id: 'bbd73bd389867f719de216379e3f449b') in 0.024265 seconds 
========================================================================
Received Import Request.
  Time since last request: 50.253998 seconds.
  path: Assets/Scripts
  artifactKey: Guid(ee81611e50c201f4f8e43daa6403d704) Importer(815301076,1909f56bfc062723c751e8b465ee728b)
Start importing Assets/Scripts using Guid(ee81611e50c201f4f8e43daa6403d704) Importer(815301076,1909f56bfc062723c751e8b465ee728b)  -> (artifact id: '543a73c42739947d2ca7ab4e1f797ef4') in 0.008530 seconds 
========================================================================
Received Prepare
Registering precompiled user dll's ...
Registered in 0.002345 seconds.
Begin MonoManager ReloadAssembly
Native extension for WindowsStandalone target not found
Refreshing native plugins compatible for Editor in 0.43 ms, found 2 plugins.
Preloading 0 native plugins for Editor in 0.00 ms.
Mono: successfully reloaded assembly
- Completed reload, in  0.989 seconds
Domain Reload Profiling:
	ReloadAssembly (990ms)
		BeginReloadAssembly (111ms)
			ExecutionOrderSort (0ms)
			DisableScriptedObjects (6ms)
			BackupInstance (0ms)
			ReleaseScriptingObjects (0ms)
			CreateAndSetChildDomain (32ms)
		EndReloadAssembly (817ms)
			LoadAssemblies (100ms)
			RebuildTransferFunctionScriptingTraits (0ms)
			SetupTypeCache (288ms)
			ReleaseScriptCaches (1ms)
			RebuildScriptCaches (34ms)
			SetupLoadedEditorAssemblies (309ms)
				LogAssemblyErrors (0ms)
				InitializePlatformSupportModulesInManaged (4ms)
				SetLoadedEditorAssemblies (0ms)
				RefreshPlugins (0ms)
				BeforeProcessingInitializeOnLoad (93ms)
				ProcessInitializeOnLoadAttributes (191ms)
				ProcessInitializeOnLoadMethodAttributes (14ms)
				AfterProcessingInitializeOnLoad (5ms)
				EditorAssembliesLoaded (0ms)
			ExecutionOrderSort2 (0ms)
			AwakeInstancesAfterBackupRestoration (3ms)
Platform modules already initialized, skipping
Refreshing native plugins compatible for Editor in 0.74 ms, found 2 plugins.
Preloading 0 native plugins for Editor in 0.00 ms.
Unloading 1605 Unused Serialized files (Serialized files now loaded: 0)
System memory in use before: 89.3 MB.
System memory in use after: 89.4 MB.

Unloading 23 unused Assets to reduce memory usage. Loaded Objects now: 2098.
Total: 2.925600 ms (FindLiveObjects: 0.203900 ms CreateObjectMapping: 0.088100 ms MarkObjects: 2.597300 ms  DeleteObjects: 0.035000 ms)

AssetImportParameters requested are different than current active one (requested -> active):
  custom:framework-win-MediaFoundation: 216162199b28c13a410421893ffa2e32 -> 
  custom:video-decoder-ogg-theora: a1e56fd34408186e4bbccfd4996cb3dc -> 
  custom:container-muxer-webm: aa71ff27fc2769a1b78a27578f13a17b -> 
  custom:container-demuxer-webm: 4f35f7cbe854078d1ac9338744f61a02 -> 
  custom:container-demuxer-ogg: 62fdf1f143b41e24485cea50d1cbac27 -> 
  custom:video-encoder-webm-vp8: eb34c28f22e8b96e1ab97ce403110664 -> 
  custom:video-decoder-webm-vp8: 9c59270c3fd7afecdb556c50c9e8de78 -> 
  custom:audio-decoder-ogg-vorbis: bf7c407c2cedff20999df2af8eb42d56 -> 
  custom:audio-encoder-webm-vorbis: bf7c407c2cedff20999df2af8eb42d56 -> 
========================================================================
Received Import Request.
  Time since last request: 51.673235 seconds.
  path: Assets/Scripts/Road.cs
  artifactKey: Guid(ecf5d7bc208507744bfc131b4ea17e8d) Importer(815301076,1909f56bfc062723c751e8b465ee728b)
Start importing Assets/Scripts/Road.cs using Guid(ecf5d7bc208507744bfc131b4ea17e8d) Importer(815301076,1909f56bfc062723c751e8b465ee728b)  -> (artifact id: 'f6662fd3f5dc04057cd03d9f153cace2') in 0.014788 seconds 
========================================================================
Received Import Request.
  Time since last request: 303.700982 seconds.
  path: Assets/Scripts/Road.cs
  artifactKey: Guid(ecf5d7bc208507744bfc131b4ea17e8d) Importer(815301076,1909f56bfc062723c751e8b465ee728b)
Start importing Assets/Scripts/Road.cs using Guid(ecf5d7bc208507744bfc131b4ea17e8d) Importer(815301076,1909f56bfc062723c751e8b465ee728b)  -> (artifact id: '5b35a74c0d47d79bdbe72583c45c260e') in 0.007949 seconds 
========================================================================
Received Prepare
Registering precompiled user dll's ...
Registered in 0.003739 seconds.
Begin MonoManager ReloadAssembly
Native extension for WindowsStandalone target not found
Refreshing native plugins compatible for Editor in 0.46 ms, found 2 plugins.
Preloading 0 native plugins for Editor in 0.00 ms.
Mono: successfully reloaded assembly
- Completed reload, in  0.985 seconds
Domain Reload Profiling:
	ReloadAssembly (985ms)
		BeginReloadAssembly (117ms)
			ExecutionOrderSort (0ms)
			DisableScriptedObjects (8ms)
			BackupInstance (0ms)
			ReleaseScriptingObjects (0ms)
			CreateAndSetChildDomain (31ms)
		EndReloadAssembly (791ms)
			LoadAssemblies (103ms)
			RebuildTransferFunctionScriptingTraits (0ms)
			SetupTypeCache (299ms)
			ReleaseScriptCaches (1ms)
			RebuildScriptCaches (44ms)
			SetupLoadedEditorAssemblies (281ms)
				LogAssemblyErrors (0ms)
				InitializePlatformSupportModulesInManaged (5ms)
				SetLoadedEditorAssemblies (1ms)
				RefreshPlugins (1ms)
				BeforeProcessingInitializeOnLoad (88ms)
				ProcessInitializeOnLoadAttributes (168ms)
				ProcessInitializeOnLoadMethodAttributes (16ms)
				AfterProcessingInitializeOnLoad (3ms)
				EditorAssembliesLoaded (0ms)
			ExecutionOrderSort2 (0ms)
			AwakeInstancesAfterBackupRestoration (2ms)
Platform modules already initialized, skipping
Refreshing native plugins compatible for Editor in 0.40 ms, found 2 plugins.
Preloading 0 native plugins for Editor in 0.00 ms.
Unloading 1605 Unused Serialized files (Serialized files now loaded: 0)
System memory in use before: 89.3 MB.
System memory in use after: 89.4 MB.

Unloading 23 unused Assets to reduce memory usage. Loaded Objects now: 2101.
Total: 2.152000 ms (FindLiveObjects: 0.101500 ms CreateObjectMapping: 0.039600 ms MarkObjects: 1.987900 ms  DeleteObjects: 0.022000 ms)

AssetImportParameters requested are different than current active one (requested -> active):
  custom:framework-win-MediaFoundation: 216162199b28c13a410421893ffa2e32 -> 
  custom:video-decoder-ogg-theora: a1e56fd34408186e4bbccfd4996cb3dc -> 
  custom:container-muxer-webm: aa71ff27fc2769a1b78a27578f13a17b -> 
  custom:container-demuxer-webm: 4f35f7cbe854078d1ac9338744f61a02 -> 
  custom:container-demuxer-ogg: 62fdf1f143b41e24485cea50d1cbac27 -> 
  custom:video-encoder-webm-vp8: eb34c28f22e8b96e1ab97ce403110664 -> 
  custom:video-decoder-webm-vp8: 9c59270c3fd7afecdb556c50c9e8de78 -> 
  custom:audio-decoder-ogg-vorbis: bf7c407c2cedff20999df2af8eb42d56 -> 
  custom:audio-encoder-webm-vorbis: bf7c407c2cedff20999df2af8eb42d56 -> 
========================================================================
Received Import Request.
  Time since last request: 66.194661 seconds.
  path: Assets/Scripts/Player.cs
  artifactKey: Guid(c90e4a68de8b05b4cb8b80e110b6ea43) Importer(815301076,1909f56bfc062723c751e8b465ee728b)
Start importing Assets/Scripts/Player.cs using Guid(c90e4a68de8b05b4cb8b80e110b6ea43) Importer(815301076,1909f56bfc062723c751e8b465ee728b)  -> (artifact id: '1988989aa57056f723969511478fb49f') in 0.011615 seconds 
========================================================================
Received Import Request.
  Time since last request: 11.961569 seconds.
  path: Assets/Scripts/Player.cs
  artifactKey: Guid(c90e4a68de8b05b4cb8b80e110b6ea43) Importer(815301076,1909f56bfc062723c751e8b465ee728b)
Start importing Assets/Scripts/Player.cs using Guid(c90e4a68de8b05b4cb8b80e110b6ea43) Importer(815301076,1909f56bfc062723c751e8b465ee728b)  -> (artifact id: 'd7c1d38c9c36f99276ff4be9343a9063') in 0.003839 seconds 
========================================================================
Received Prepare
Registering precompiled user dll's ...
Registered in 0.003009 seconds.
Begin MonoManager ReloadAssembly
Native extension for WindowsStandalone target not found
Refreshing native plugins compatible for Editor in 0.46 ms, found 2 plugins.
Preloading 0 native plugins for Editor in 0.00 ms.
Mono: successfully reloaded assembly
- Completed reload, in  1.264 seconds
Domain Reload Profiling:
	ReloadAssembly (1264ms)
		BeginReloadAssembly (143ms)
			ExecutionOrderSort (0ms)
			DisableScriptedObjects (7ms)
			BackupInstance (0ms)
			ReleaseScriptingObjects (0ms)
			CreateAndSetChildDomain (46ms)
		EndReloadAssembly (1034ms)
			LoadAssemblies (111ms)
			RebuildTransferFunctionScriptingTraits (0ms)
			SetupTypeCache (360ms)
			ReleaseScriptCaches (1ms)
			RebuildScriptCaches (67ms)
			SetupLoadedEditorAssemblies (346ms)
				LogAssemblyErrors (0ms)
				InitializePlatformSupportModulesInManaged (5ms)
				SetLoadedEditorAssemblies (0ms)
				RefreshPlugins (1ms)
				BeforeProcessingInitializeOnLoad (93ms)
				ProcessInitializeOnLoadAttributes (220ms)
				ProcessInitializeOnLoadMethodAttributes (17ms)
				AfterProcessingInitializeOnLoad (8ms)
				EditorAssembliesLoaded (1ms)
			ExecutionOrderSort2 (0ms)
			AwakeInstancesAfterBackupRestoration (5ms)
Platform modules already initialized, skipping
Refreshing native plugins compatible for Editor in 0.56 ms, found 2 plugins.
Preloading 0 native plugins for Editor in 0.00 ms.
Unloading 1605 Unused Serialized files (Serialized files now loaded: 0)
System memory in use before: 89.3 MB.
System memory in use after: 89.4 MB.

Unloading 23 unused Assets to reduce memory usage. Loaded Objects now: 2104.
Total: 2.813800 ms (FindLiveObjects: 0.131000 ms CreateObjectMapping: 0.054400 ms MarkObjects: 2.599800 ms  DeleteObjects: 0.027700 ms)

AssetImportParameters requested are different than current active one (requested -> active):
  custom:framework-win-MediaFoundation: 216162199b28c13a410421893ffa2e32 -> 
  custom:video-decoder-ogg-theora: a1e56fd34408186e4bbccfd4996cb3dc -> 
  custom:container-muxer-webm: aa71ff27fc2769a1b78a27578f13a17b -> 
  custom:container-demuxer-webm: 4f35f7cbe854078d1ac9338744f61a02 -> 
  custom:container-demuxer-ogg: 62fdf1f143b41e24485cea50d1cbac27 -> 
  custom:video-encoder-webm-vp8: eb34c28f22e8b96e1ab97ce403110664 -> 
  custom:video-decoder-webm-vp8: 9c59270c3fd7afecdb556c50c9e8de78 -> 
  custom:audio-decoder-ogg-vorbis: bf7c407c2cedff20999df2af8eb42d56 -> 
  custom:audio-encoder-webm-vorbis: bf7c407c2cedff20999df2af8eb42d56 -> 
========================================================================
Received Import Request.
  Time since last request: 11.686479 seconds.
  path: Assets/Scripts/Player.cs
  artifactKey: Guid(c90e4a68de8b05b4cb8b80e110b6ea43) Importer(815301076,1909f56bfc062723c751e8b465ee728b)
Start importing Assets/Scripts/Player.cs using Guid(c90e4a68de8b05b4cb8b80e110b6ea43) Importer(815301076,1909f56bfc062723c751e8b465ee728b)  -> (artifact id: '731a22286ccfd929e44e2449e798229c') in 0.005290 seconds 
========================================================================
Received Prepare
Registering precompiled user dll's ...
Registered in 0.002318 seconds.
Begin MonoManager ReloadAssembly
Native extension for WindowsStandalone target not found
Refreshing native plugins compatible for Editor in 0.47 ms, found 2 plugins.
Preloading 0 native plugins for Editor in 0.00 ms.
Mono: successfully reloaded assembly
- Completed reload, in  1.058 seconds
Domain Reload Profiling:
	ReloadAssembly (1058ms)
		BeginReloadAssembly (112ms)
			ExecutionOrderSort (0ms)
			DisableScriptedObjects (5ms)
			BackupInstance (0ms)
			ReleaseScriptingObjects (0ms)
			CreateAndSetChildDomain (30ms)
		EndReloadAssembly (880ms)
			LoadAssemblies (96ms)
			RebuildTransferFunctionScriptingTraits (0ms)
			SetupTypeCache (321ms)
			ReleaseScriptCaches (1ms)
			RebuildScriptCaches (42ms)
			SetupLoadedEditorAssemblies (333ms)
				LogAssemblyErrors (0ms)
				InitializePlatformSupportModulesInManaged (6ms)
				SetLoadedEditorAssemblies (1ms)
				RefreshPlugins (1ms)
				BeforeProcessingInitializeOnLoad (93ms)
				ProcessInitializeOnLoadAttributes (216ms)
				ProcessInitializeOnLoadMethodAttributes (13ms)
				AfterProcessingInitializeOnLoad (4ms)
				EditorAssembliesLoaded (0ms)
			ExecutionOrderSort2 (0ms)
			AwakeInstancesAfterBackupRestoration (2ms)
Platform modules already initialized, skipping
Refreshing native plugins compatible for Editor in 0.77 ms, found 2 plugins.
Preloading 0 native plugins for Editor in 0.00 ms.
Unloading 1605 Unused Serialized files (Serialized files now loaded: 0)
System memory in use before: 89.3 MB.
System memory in use after: 89.5 MB.

Unloading 23 unused Assets to reduce memory usage. Loaded Objects now: 2107.
Total: 2.679400 ms (FindLiveObjects: 0.137900 ms CreateObjectMapping: 0.050700 ms MarkObjects: 2.464400 ms  DeleteObjects: 0.025100 ms)

AssetImportParameters requested are different than current active one (requested -> active):
  custom:framework-win-MediaFoundation: 216162199b28c13a410421893ffa2e32 -> 
  custom:video-decoder-ogg-theora: a1e56fd34408186e4bbccfd4996cb3dc -> 
  custom:container-muxer-webm: aa71ff27fc2769a1b78a27578f13a17b -> 
  custom:container-demuxer-webm: 4f35f7cbe854078d1ac9338744f61a02 -> 
  custom:container-demuxer-ogg: 62fdf1f143b41e24485cea50d1cbac27 -> 
  custom:video-encoder-webm-vp8: eb34c28f22e8b96e1ab97ce403110664 -> 
  custom:video-decoder-webm-vp8: 9c59270c3fd7afecdb556c50c9e8de78 -> 
  custom:audio-decoder-ogg-vorbis: bf7c407c2cedff20999df2af8eb42d56 -> 
  custom:audio-encoder-webm-vorbis: bf7c407c2cedff20999df2af8eb42d56 -> 
========================================================================
Received Prepare
Registering precompiled user dll's ...
Registered in 0.002888 seconds.
Begin MonoManager ReloadAssembly
Native extension for WindowsStandalone target not found
Refreshing native plugins compatible for Editor in 0.54 ms, found 2 plugins.
Preloading 0 native plugins for Editor in 0.00 ms.
Mono: successfully reloaded assembly
- Completed reload, in  1.147 seconds
Domain Reload Profiling:
	ReloadAssembly (1147ms)
		BeginReloadAssembly (133ms)
			ExecutionOrderSort (0ms)
			DisableScriptedObjects (7ms)
			BackupInstance (0ms)
			ReleaseScriptingObjects (0ms)
			CreateAndSetChildDomain (38ms)
		EndReloadAssembly (947ms)
			LoadAssemblies (106ms)
			RebuildTransferFunctionScriptingTraits (0ms)
			SetupTypeCache (344ms)
			ReleaseScriptCaches (1ms)
			RebuildScriptCaches (47ms)
			SetupLoadedEditorAssemblies (347ms)
				LogAssemblyErrors (0ms)
				InitializePlatformSupportModulesInManaged (6ms)
				SetLoadedEditorAssemblies (1ms)
				RefreshPlugins (1ms)
				BeforeProcessingInitializeOnLoad (124ms)
				ProcessInitializeOnLoadAttributes (200ms)
				ProcessInitializeOnLoadMethodAttributes (13ms)
				AfterProcessingInitializeOnLoad (4ms)
				EditorAssembliesLoaded (0ms)
			ExecutionOrderSort2 (0ms)
			AwakeInstancesAfterBackupRestoration (3ms)
Platform modules already initialized, skipping
Refreshing native plugins compatible for Editor in 0.45 ms, found 2 plugins.
Preloading 0 native plugins for Editor in 0.00 ms.
Unloading 1605 Unused Serialized files (Serialized files now loaded: 0)
System memory in use before: 89.3 MB.
System memory in use after: 89.5 MB.

Unloading 23 unused Assets to reduce memory usage. Loaded Objects now: 2110.
Total: 2.450500 ms (FindLiveObjects: 0.112300 ms CreateObjectMapping: 0.046200 ms MarkObjects: 2.263000 ms  DeleteObjects: 0.027900 ms)

AssetImportParameters requested are different than current active one (requested -> active):
  custom:framework-win-MediaFoundation: 216162199b28c13a410421893ffa2e32 -> 
  custom:video-decoder-ogg-theora: a1e56fd34408186e4bbccfd4996cb3dc -> 
  custom:container-muxer-webm: aa71ff27fc2769a1b78a27578f13a17b -> 
  custom:container-demuxer-webm: 4f35f7cbe854078d1ac9338744f61a02 -> 
  custom:container-demuxer-ogg: 62fdf1f143b41e24485cea50d1cbac27 -> 
  custom:video-encoder-webm-vp8: eb34c28f22e8b96e1ab97ce403110664 -> 
  custom:video-decoder-webm-vp8: 9c59270c3fd7afecdb556c50c9e8de78 -> 
  custom:audio-decoder-ogg-vorbis: bf7c407c2cedff20999df2af8eb42d56 -> 
  custom:audio-encoder-webm-vorbis: bf7c407c2cedff20999df2af8eb42d56 -> 
========================================================================
Received Prepare
Registering precompiled user dll's ...
Registered in 0.002024 seconds.
Begin MonoManager ReloadAssembly
Native extension for WindowsStandalone target not found
Refreshing native plugins compatible for Editor in 0.82 ms, found 2 plugins.
Preloading 0 native plugins for Editor in 0.00 ms.
Mono: successfully reloaded assembly
- Completed reload, in  2.291 seconds
Domain Reload Profiling:
	ReloadAssembly (2291ms)
		BeginReloadAssembly (147ms)
			ExecutionOrderSort (0ms)
			DisableScriptedObjects (8ms)
			BackupInstance (0ms)
			ReleaseScriptingObjects (0ms)
			CreateAndSetChildDomain (35ms)
		EndReloadAssembly (2058ms)
			LoadAssemblies (118ms)
			RebuildTransferFunctionScriptingTraits (0ms)
			SetupTypeCache (755ms)
			ReleaseScriptCaches (1ms)
			RebuildScriptCaches (88ms)
			SetupLoadedEditorAssemblies (781ms)
				LogAssemblyErrors (0ms)
				InitializePlatformSupportModulesInManaged (10ms)
				SetLoadedEditorAssemblies (2ms)
				RefreshPlugins (1ms)
				BeforeProcessingInitializeOnLoad (301ms)
				ProcessInitializeOnLoadAttributes (421ms)
				ProcessInitializeOnLoadMethodAttributes (34ms)
				AfterProcessingInitializeOnLoad (11ms)
				EditorAssembliesLoaded (1ms)
			ExecutionOrderSort2 (0ms)
			AwakeInstancesAfterBackupRestoration (6ms)
Platform modules already initialized, skipping
Refreshing native plugins compatible for Editor in 0.51 ms, found 2 plugins.
Preloading 0 native plugins for Editor in 0.00 ms.
Unloading 1605 Unused Serialized files (Serialized files now loaded: 0)
System memory in use before: 89.4 MB.
System memory in use after: 89.5 MB.

Unloading 23 unused Assets to reduce memory usage. Loaded Objects now: 2113.
Total: 3.454700 ms (FindLiveObjects: 0.136500 ms CreateObjectMapping: 0.054400 ms MarkObjects: 3.236400 ms  DeleteObjects: 0.026200 ms)

AssetImportParameters requested are different than current active one (requested -> active):
  custom:framework-win-MediaFoundation: 216162199b28c13a410421893ffa2e32 -> 
  custom:video-decoder-ogg-theora: a1e56fd34408186e4bbccfd4996cb3dc -> 
  custom:container-muxer-webm: aa71ff27fc2769a1b78a27578f13a17b -> 
  custom:container-demuxer-webm: 4f35f7cbe854078d1ac9338744f61a02 -> 
  custom:container-demuxer-ogg: 62fdf1f143b41e24485cea50d1cbac27 -> 
  custom:video-encoder-webm-vp8: eb34c28f22e8b96e1ab97ce403110664 -> 
  custom:video-decoder-webm-vp8: 9c59270c3fd7afecdb556c50c9e8de78 -> 
  custom:audio-decoder-ogg-vorbis: bf7c407c2cedff20999df2af8eb42d56 -> 
  custom:audio-encoder-webm-vorbis: bf7c407c2cedff20999df2af8eb42d56 -> 
========================================================================
Received Prepare
Registering precompiled user dll's ...
Registered in 0.003105 seconds.
Begin MonoManager ReloadAssembly
Native extension for WindowsStandalone target not found
Refreshing native plugins compatible for Editor in 3.63 ms, found 2 plugins.
Preloading 0 native plugins for Editor in 0.00 ms.
Mono: successfully reloaded assembly
- Completed reload, in  1.803 seconds
Domain Reload Profiling:
	ReloadAssembly (1804ms)
		BeginReloadAssembly (135ms)
			ExecutionOrderSort (0ms)
			DisableScriptedObjects (6ms)
			BackupInstance (0ms)
			ReleaseScriptingObjects (0ms)
			CreateAndSetChildDomain (36ms)
		EndReloadAssembly (1580ms)
			LoadAssemblies (121ms)
			RebuildTransferFunctionScriptingTraits (0ms)
			SetupTypeCache (604ms)
			ReleaseScriptCaches (1ms)
			RebuildScriptCaches (73ms)
			SetupLoadedEditorAssemblies (587ms)
				LogAssemblyErrors (0ms)
				InitializePlatformSupportModulesInManaged (7ms)
				SetLoadedEditorAssemblies (2ms)
				RefreshPlugins (4ms)
				BeforeProcessingInitializeOnLoad (208ms)
				ProcessInitializeOnLoadAttributes (341ms)
				ProcessInitializeOnLoadMethodAttributes (20ms)
				AfterProcessingInitializeOnLoad (5ms)
				EditorAssembliesLoaded (0ms)
			ExecutionOrderSort2 (0ms)
			AwakeInstancesAfterBackupRestoration (3ms)
Platform modules already initialized, skipping
Refreshing native plugins compatible for Editor in 0.56 ms, found 2 plugins.
Preloading 0 native plugins for Editor in 0.00 ms.
Unloading 1605 Unused Serialized files (Serialized files now loaded: 0)
System memory in use before: 89.4 MB.
System memory in use after: 89.5 MB.

Unloading 23 unused Assets to reduce memory usage. Loaded Objects now: 2116.
Total: 3.066300 ms (FindLiveObjects: 0.141900 ms CreateObjectMapping: 0.055400 ms MarkObjects: 2.832300 ms  DeleteObjects: 0.035400 ms)

AssetImportParameters requested are different than current active one (requested -> active):
  custom:framework-win-MediaFoundation: 216162199b28c13a410421893ffa2e32 -> 
  custom:video-decoder-ogg-theora: a1e56fd34408186e4bbccfd4996cb3dc -> 
  custom:container-muxer-webm: aa71ff27fc2769a1b78a27578f13a17b -> 
  custom:container-demuxer-webm: 4f35f7cbe854078d1ac9338744f61a02 -> 
  custom:container-demuxer-ogg: 62fdf1f143b41e24485cea50d1cbac27 -> 
  custom:video-encoder-webm-vp8: eb34c28f22e8b96e1ab97ce403110664 -> 
  custom:video-decoder-webm-vp8: 9c59270c3fd7afecdb556c50c9e8de78 -> 
  custom:audio-decoder-ogg-vorbis: bf7c407c2cedff20999df2af8eb42d56 -> 
  custom:audio-encoder-webm-vorbis: bf7c407c2cedff20999df2af8eb42d56 -> 
========================================================================
Received Prepare
Registering precompiled user dll's ...
Registered in 0.003297 seconds.
Begin MonoManager ReloadAssembly
Native extension for WindowsStandalone target not found
Refreshing native plugins compatible for Editor in 0.44 ms, found 2 plugins.
Preloading 0 native plugins for Editor in 0.00 ms.
Mono: successfully reloaded assembly
- Completed reload, in  1.347 seconds
Domain Reload Profiling:
	ReloadAssembly (1348ms)
		BeginReloadAssembly (178ms)
			ExecutionOrderSort (0ms)
			DisableScriptedObjects (9ms)
			BackupInstance (0ms)
			ReleaseScriptingObjects (0ms)
			CreateAndSetChildDomain (47ms)
		EndReloadAssembly (1075ms)
			LoadAssemblies (157ms)
			RebuildTransferFunctionScriptingTraits (0ms)
			SetupTypeCache (440ms)
			ReleaseScriptCaches (1ms)
			RebuildScriptCaches (55ms)
			SetupLoadedEditorAssemblies (346ms)
				LogAssemblyErrors (0ms)
				InitializePlatformSupportModulesInManaged (5ms)
				SetLoadedEditorAssemblies (1ms)
				RefreshPlugins (1ms)
				BeforeProcessingInitializeOnLoad (107ms)
				ProcessInitializeOnLoadAttributes (202ms)
				ProcessInitializeOnLoadMethodAttributes (22ms)
				AfterProcessingInitializeOnLoad (9ms)
				EditorAssembliesLoaded (1ms)
			ExecutionOrderSort2 (0ms)
			AwakeInstancesAfterBackupRestoration (5ms)
Platform modules already initialized, skipping
Refreshing native plugins compatible for Editor in 0.52 ms, found 2 plugins.
Preloading 0 native plugins for Editor in 0.00 ms.
Unloading 1605 Unused Serialized files (Serialized files now loaded: 0)
System memory in use before: 89.4 MB.
System memory in use after: 89.5 MB.

Unloading 23 unused Assets to reduce memory usage. Loaded Objects now: 2119.
Total: 2.658700 ms (FindLiveObjects: 0.118900 ms CreateObjectMapping: 0.046000 ms MarkObjects: 2.468900 ms  DeleteObjects: 0.024000 ms)

AssetImportParameters requested are different than current active one (requested -> active):
  custom:framework-win-MediaFoundation: 216162199b28c13a410421893ffa2e32 -> 
  custom:video-decoder-ogg-theora: a1e56fd34408186e4bbccfd4996cb3dc -> 
  custom:container-muxer-webm: aa71ff27fc2769a1b78a27578f13a17b -> 
  custom:container-demuxer-webm: 4f35f7cbe854078d1ac9338744f61a02 -> 
  custom:container-demuxer-ogg: 62fdf1f143b41e24485cea50d1cbac27 -> 
  custom:video-encoder-webm-vp8: eb34c28f22e8b96e1ab97ce403110664 -> 
  custom:video-decoder-webm-vp8: 9c59270c3fd7afecdb556c50c9e8de78 -> 
  custom:audio-decoder-ogg-vorbis: bf7c407c2cedff20999df2af8eb42d56 -> 
  custom:audio-encoder-webm-vorbis: bf7c407c2cedff20999df2af8eb42d56 -> 
========================================================================
Received Prepare
Registering precompiled user dll's ...
Registered in 0.001907 seconds.
Begin MonoManager ReloadAssembly
Native extension for WindowsStandalone target not found
Refreshing native plugins compatible for Editor in 0.57 ms, found 2 plugins.
Preloading 0 native plugins for Editor in 0.00 ms.
Mono: successfully reloaded assembly
- Completed reload, in  0.951 seconds
Domain Reload Profiling:
	ReloadAssembly (952ms)
		BeginReloadAssembly (159ms)
			ExecutionOrderSort (0ms)
			DisableScriptedObjects (6ms)
			BackupInstance (0ms)
			ReleaseScriptingObjects (0ms)
			CreateAndSetChildDomain (28ms)
		EndReloadAssembly (733ms)
			LoadAssemblies (158ms)
			RebuildTransferFunctionScriptingTraits (0ms)
			SetupTypeCache (242ms)
			ReleaseScriptCaches (1ms)
			RebuildScriptCaches (37ms)
			SetupLoadedEditorAssemblies (275ms)
				LogAssemblyErrors (0ms)
				InitializePlatformSupportModulesInManaged (4ms)
				SetLoadedEditorAssemblies (1ms)
				RefreshPlugins (1ms)
				BeforeProcessingInitializeOnLoad (85ms)
				ProcessInitializeOnLoadAttributes (166ms)
				ProcessInitializeOnLoadMethodAttributes (14ms)
				AfterProcessingInitializeOnLoad (3ms)
				EditorAssembliesLoaded (0ms)
			ExecutionOrderSort2 (0ms)
			AwakeInstancesAfterBackupRestoration (2ms)
Platform modules already initialized, skipping
Refreshing native plugins compatible for Editor in 0.44 ms, found 2 plugins.
Preloading 0 native plugins for Editor in 0.00 ms.
Unloading 1605 Unused Serialized files (Serialized files now loaded: 0)
System memory in use before: 89.4 MB.
System memory in use after: 89.5 MB.

Unloading 23 unused Assets to reduce memory usage. Loaded Objects now: 2122.
Total: 2.190900 ms (FindLiveObjects: 0.094100 ms CreateObjectMapping: 0.031300 ms MarkObjects: 2.045800 ms  DeleteObjects: 0.019100 ms)

AssetImportParameters requested are different than current active one (requested -> active):
  custom:framework-win-MediaFoundation: 216162199b28c13a410421893ffa2e32 -> 
  custom:video-decoder-ogg-theora: a1e56fd34408186e4bbccfd4996cb3dc -> 
  custom:container-muxer-webm: aa71ff27fc2769a1b78a27578f13a17b -> 
  custom:container-demuxer-webm: 4f35f7cbe854078d1ac9338744f61a02 -> 
  custom:container-demuxer-ogg: 62fdf1f143b41e24485cea50d1cbac27 -> 
  custom:video-encoder-webm-vp8: eb34c28f22e8b96e1ab97ce403110664 -> 
  custom:video-decoder-webm-vp8: 9c59270c3fd7afecdb556c50c9e8de78 -> 
  custom:audio-decoder-ogg-vorbis: bf7c407c2cedff20999df2af8eb42d56 -> 
  custom:audio-encoder-webm-vorbis: bf7c407c2cedff20999df2af8eb42d56 -> 
========================================================================
Received Import Request.
  Time since last request: 374.293394 seconds.
  path: Assets/PlayerController
  artifactKey: Guid(bf248f36b0aecf04a89f376913fb18a6) Importer(815301076,1909f56bfc062723c751e8b465ee728b)
Start importing Assets/PlayerController using Guid(bf248f36b0aecf04a89f376913fb18a6) Importer(815301076,1909f56bfc062723c751e8b465ee728b)  -> (artifact id: 'bee780eeac99a477e17e9808dab6c9cd') in 0.010514 seconds 
========================================================================
Received Prepare
Registering precompiled user dll's ...
Registered in 0.001860 seconds.
Begin MonoManager ReloadAssembly
Native extension for WindowsStandalone target not found
Refreshing native plugins compatible for Editor in 1.09 ms, found 2 plugins.
Preloading 0 native plugins for Editor in 0.00 ms.
Mono: successfully reloaded assembly
- Completed reload, in  2.402 seconds
Domain Reload Profiling:
	ReloadAssembly (2403ms)
		BeginReloadAssembly (415ms)
			ExecutionOrderSort (0ms)
			DisableScriptedObjects (8ms)
			BackupInstance (0ms)
			ReleaseScriptingObjects (0ms)
			CreateAndSetChildDomain (176ms)
		EndReloadAssembly (1775ms)
			LoadAssemblies (286ms)
			RebuildTransferFunctionScriptingTraits (0ms)
			SetupTypeCache (702ms)
			ReleaseScriptCaches (2ms)
			RebuildScriptCaches (152ms)
			SetupLoadedEditorAssemblies (483ms)
				LogAssemblyErrors (0ms)
				InitializePlatformSupportModulesInManaged (12ms)
				SetLoadedEditorAssemblies (3ms)
				RefreshPlugins (1ms)
				BeforeProcessingInitializeOnLoad (336ms)
				ProcessInitializeOnLoadAttributes (119ms)
				ProcessInitializeOnLoadMethodAttributes (8ms)
				AfterProcessingInitializeOnLoad (4ms)
				EditorAssembliesLoaded (0ms)
			ExecutionOrderSort2 (0ms)
			AwakeInstancesAfterBackupRestoration (2ms)
Platform modules already initialized, skipping
Refreshing native plugins compatible for Editor in 0.50 ms, found 2 plugins.
Preloading 0 native plugins for Editor in 0.00 ms.
Unloading 1949 Unused Serialized files (Serialized files now loaded: 0)
System memory in use before: 101.2 MB.
System memory in use after: 101.3 MB.

Unloading 22 unused Assets to reduce memory usage. Loaded Objects now: 2465.
Total: 2.033100 ms (FindLiveObjects: 0.144400 ms CreateObjectMapping: 0.061600 ms MarkObjects: 1.795900 ms  DeleteObjects: 0.030400 ms)

AssetImportParameters requested are different than current active one (requested -> active):
  custom:framework-win-MediaFoundation: 216162199b28c13a410421893ffa2e32 -> 
  custom:video-decoder-ogg-theora: a1e56fd34408186e4bbccfd4996cb3dc -> 
  custom:container-muxer-webm: aa71ff27fc2769a1b78a27578f13a17b -> 
  custom:container-demuxer-webm: 4f35f7cbe854078d1ac9338744f61a02 -> 
  custom:container-demuxer-ogg: 62fdf1f143b41e24485cea50d1cbac27 -> 
  custom:video-encoder-webm-vp8: eb34c28f22e8b96e1ab97ce403110664 -> 
  custom:video-decoder-webm-vp8: 9c59270c3fd7afecdb556c50c9e8de78 -> 
  custom:audio-decoder-ogg-vorbis: bf7c407c2cedff20999df2af8eb42d56 -> 
  custom:audio-encoder-webm-vorbis: bf7c407c2cedff20999df2af8eb42d56 -> 
AssetImportWorkerClient::OnTransportError - code=2 error=End of file
